{"E:\\Node js\\bank-management-system\\index.js": {"path":"E:\\Node js\\bank-management-system\\index.js","statementMap":{"0":{"start":{"line":1,"column":16},"end":{"line":1,"column":34}},"1":{"start":{"line":2,"column":12},"end":{"line":2,"column":21}},"2":{"start":{"line":4,"column":0},"end":{"line":4,"column":32}},"3":{"start":{"line":5,"column":0},"end":{"line":5,"column":26}},"4":{"start":{"line":6,"column":0},"end":{"line":6,"column":30}},"5":{"start":{"line":8,"column":13},"end":{"line":8,"column":37}},"6":{"start":{"line":9,"column":15},"end":{"line":9,"column":82}},"7":{"start":{"line":9,"column":38},"end":{"line":9,"column":81}},"8":{"start":{"line":10,"column":0},"end":{"line":10,"column":23}}},"fnMap":{"0":{"name":"(anonymous_0)","decl":{"start":{"line":9,"column":32},"end":{"line":9,"column":33}},"loc":{"start":{"line":9,"column":38},"end":{"line":9,"column":81}},"line":9}},"branchMap":{"0":{"loc":{"start":{"line":8,"column":13},"end":{"line":8,"column":37}},"type":"binary-expr","locations":[{"start":{"line":8,"column":13},"end":{"line":8,"column":29}},{"start":{"line":8,"column":33},"end":{"line":8,"column":37}}],"line":8}},"s":{"0":5,"1":5,"2":5,"3":5,"4":5,"5":5,"6":5,"7":3,"8":5},"f":{"0":3},"b":{"0":[5,5]},"_coverageSchema":"1a1c01bbd47fc00a2c39e90264f33305004495a9","hash":"ca8bb385c780d5950d8fb4407907911eedca04e9"}
,"E:\\Node js\\bank-management-system\\controllers\\customer\\register-customer.js": {"path":"E:\\Node js\\bank-management-system\\controllers\\customer\\register-customer.js","statementMap":{"0":{"start":{"line":2,"column":16},"end":{"line":2,"column":34}},"1":{"start":{"line":3,"column":15},"end":{"line":3,"column":31}},"2":{"start":{"line":4,"column":20},"end":{"line":4,"column":81}},"3":{"start":{"line":6,"column":0},"end":{"line":6,"column":30}},"4":{"start":{"line":8,"column":0},"end":{"line":8,"column":24}}},"fnMap":{},"branchMap":{},"s":{"0":5,"1":5,"2":5,"3":5,"4":5},"f":{},"b":{},"_coverageSchema":"1a1c01bbd47fc00a2c39e90264f33305004495a9","hash":"48f873d226c47ff205a327cd65b90236771d06de"}
,"E:\\Node js\\bank-management-system\\controllers\\customer\\update-customer.js": {"path":"E:\\Node js\\bank-management-system\\controllers\\customer\\update-customer.js","statementMap":{"0":{"start":{"line":1,"column":13},"end":{"line":1,"column":45}},"1":{"start":{"line":2,"column":16},"end":{"line":2,"column":34}},"2":{"start":{"line":3,"column":15},"end":{"line":3,"column":31}},"3":{"start":{"line":4,"column":23},"end":{"line":4,"column":82}},"4":{"start":{"line":7,"column":0},"end":{"line":7,"column":40}},"5":{"start":{"line":9,"column":0},"end":{"line":9,"column":24}}},"fnMap":{},"branchMap":{},"s":{"0":5,"1":5,"2":5,"3":5,"4":5,"5":5},"f":{},"b":{},"_coverageSchema":"1a1c01bbd47fc00a2c39e90264f33305004495a9","hash":"035a2702e815349598ab500750ea917ab7603c6c"}
,"E:\\Node js\\bank-management-system\\controllers\\customer\\view-customer.js": {"path":"E:\\Node js\\bank-management-system\\controllers\\customer\\view-customer.js","statementMap":{"0":{"start":{"line":1,"column":13},"end":{"line":1,"column":45}},"1":{"start":{"line":2,"column":16},"end":{"line":2,"column":34}},"2":{"start":{"line":3,"column":15},"end":{"line":3,"column":31}},"3":{"start":{"line":4,"column":21},"end":{"line":4,"column":78}},"4":{"start":{"line":6,"column":0},"end":{"line":6,"column":38}},"5":{"start":{"line":8,"column":0},"end":{"line":8,"column":24}}},"fnMap":{},"branchMap":{},"s":{"0":5,"1":5,"2":5,"3":5,"4":5,"5":5},"f":{},"b":{},"_coverageSchema":"1a1c01bbd47fc00a2c39e90264f33305004495a9","hash":"3bc7b14886407991b18538cec69e43a753bf3519"}
,"E:\\Node js\\bank-management-system\\controllers\\loan\\apply-loan.js": {"path":"E:\\Node js\\bank-management-system\\controllers\\loan\\apply-loan.js","statementMap":{"0":{"start":{"line":1,"column":13},"end":{"line":1,"column":45}},"1":{"start":{"line":2,"column":16},"end":{"line":2,"column":34}},"2":{"start":{"line":3,"column":15},"end":{"line":3,"column":31}},"3":{"start":{"line":4,"column":18},"end":{"line":4,"column":68}},"4":{"start":{"line":6,"column":0},"end":{"line":6,"column":36}},"5":{"start":{"line":8,"column":0},"end":{"line":8,"column":24}}},"fnMap":{},"branchMap":{},"s":{"0":5,"1":5,"2":5,"3":5,"4":5,"5":5},"f":{},"b":{},"_coverageSchema":"1a1c01bbd47fc00a2c39e90264f33305004495a9","hash":"cc7181377e4d72a98c67adcdb43af10f62e86b81"}
,"E:\\Node js\\bank-management-system\\controllers\\loan\\view-loan.js": {"path":"E:\\Node js\\bank-management-system\\controllers\\loan\\view-loan.js","statementMap":{"0":{"start":{"line":1,"column":13},"end":{"line":1,"column":45}},"1":{"start":{"line":2,"column":17},"end":{"line":2,"column":66}},"2":{"start":{"line":3,"column":16},"end":{"line":3,"column":34}},"3":{"start":{"line":4,"column":15},"end":{"line":4,"column":31}},"4":{"start":{"line":6,"column":0},"end":{"line":6,"column":34}},"5":{"start":{"line":7,"column":0},"end":{"line":7,"column":24}}},"fnMap":{},"branchMap":{},"s":{"0":5,"1":5,"2":5,"3":5,"4":5,"5":5},"f":{},"b":{},"_coverageSchema":"1a1c01bbd47fc00a2c39e90264f33305004495a9","hash":"cf95886cba55a370be3a66e75928cf66c35d3f44"}
,"E:\\Node js\\bank-management-system\\controllers\\login\\auth.js": {"path":"E:\\Node js\\bank-management-system\\controllers\\login\\auth.js","statementMap":{"0":{"start":{"line":1,"column":14},"end":{"line":1,"column":68}},"1":{"start":{"line":2,"column":16},"end":{"line":2,"column":34}},"2":{"start":{"line":3,"column":15},"end":{"line":3,"column":31}},"3":{"start":{"line":5,"column":0},"end":{"line":5,"column":24}},"4":{"start":{"line":7,"column":0},"end":{"line":7,"column":24}}},"fnMap":{},"branchMap":{},"s":{"0":5,"1":5,"2":5,"3":5,"4":5},"f":{},"b":{},"_coverageSchema":"1a1c01bbd47fc00a2c39e90264f33305004495a9","hash":"388695fe60bc3de132419004bf8d44e2cb079bf2"}
,"E:\\Node js\\bank-management-system\\docs\\basicInfo.js": {"path":"E:\\Node js\\bank-management-system\\docs\\basicInfo.js","statementMap":{"0":{"start":{"line":1,"column":0},"end":{"line":13,"column":2}}},"fnMap":{},"branchMap":{},"s":{"0":5},"f":{},"b":{},"_coverageSchema":"1a1c01bbd47fc00a2c39e90264f33305004495a9","hash":"e83eb833d07822519d631982e317a893d4bac81e"}
,"E:\\Node js\\bank-management-system\\docs\\component.js": {"path":"E:\\Node js\\bank-management-system\\docs\\component.js","statementMap":{"0":{"start":{"line":2,"column":0},"end":{"line":250,"column":2}}},"fnMap":{},"branchMap":{},"s":{"0":5},"f":{},"b":{},"_coverageSchema":"1a1c01bbd47fc00a2c39e90264f33305004495a9","hash":"2de1cebe9838a3db73c6eb53096adaf9910c2e62"}
,"E:\\Node js\\bank-management-system\\docs\\index.js": {"path":"E:\\Node js\\bank-management-system\\docs\\index.js","statementMap":{"0":{"start":{"line":1,"column":18},"end":{"line":1,"column":40}},"1":{"start":{"line":2,"column":13},"end":{"line":2,"column":30}},"2":{"start":{"line":3,"column":18},"end":{"line":3,"column":40}},"3":{"start":{"line":4,"column":19},"end":{"line":4,"column":42}},"4":{"start":{"line":5,"column":16},"end":{"line":5,"column":36}},"5":{"start":{"line":7,"column":0},"end":{"line":13,"column":2}}},"fnMap":{},"branchMap":{},"s":{"0":5,"1":5,"2":5,"3":5,"4":5,"5":5},"f":{},"b":{},"_coverageSchema":"1a1c01bbd47fc00a2c39e90264f33305004495a9","hash":"e7e6ca0d8f58aeae14921afa3946d9edf0bb50d0"}
,"E:\\Node js\\bank-management-system\\docs\\servers.js": {"path":"E:\\Node js\\bank-management-system\\docs\\servers.js","statementMap":{"0":{"start":{"line":1,"column":0},"end":{"line":8,"column":2}}},"fnMap":{},"branchMap":{},"s":{"0":5},"f":{},"b":{},"_coverageSchema":"1a1c01bbd47fc00a2c39e90264f33305004495a9","hash":"d3716466860248b447f33672c28561ed55a4d5f2"}
,"E:\\Node js\\bank-management-system\\docs\\tags.js": {"path":"E:\\Node js\\bank-management-system\\docs\\tags.js","statementMap":{"0":{"start":{"line":1,"column":0},"end":{"line":7,"column":2}}},"fnMap":{},"branchMap":{},"s":{"0":5},"f":{},"b":{},"_coverageSchema":"1a1c01bbd47fc00a2c39e90264f33305004495a9","hash":"c2cca674f4220e526bad63842088a15734465bd8"}
,"E:\\Node js\\bank-management-system\\docs\\operations\\index.js": {"path":"E:\\Node js\\bank-management-system\\docs\\operations\\index.js","statementMap":{"0":{"start":{"line":1,"column":17},"end":{"line":1,"column":60}},"1":{"start":{"line":2,"column":15},"end":{"line":2,"column":56}},"2":{"start":{"line":3,"column":18},"end":{"line":3,"column":50}},"3":{"start":{"line":4,"column":17},"end":{"line":4,"column":48}},"4":{"start":{"line":5,"column":21},"end":{"line":5,"column":60}},"5":{"start":{"line":6,"column":14},"end":{"line":6,"column":42}},"6":{"start":{"line":8,"column":0},"end":{"line":29,"column":1}}},"fnMap":{},"branchMap":{},"s":{"0":5,"1":5,"2":5,"3":5,"4":5,"5":5,"6":5},"f":{},"b":{},"_coverageSchema":"1a1c01bbd47fc00a2c39e90264f33305004495a9","hash":"ecec38fa0f3bbc9d72a2f1a4b8453553224ce3ce"}
,"E:\\Node js\\bank-management-system\\docs\\operations\\customer-doc\\register-customer.js": {"path":"E:\\Node js\\bank-management-system\\docs\\operations\\customer-doc\\register-customer.js","statementMap":{"0":{"start":{"line":1,"column":0},"end":{"line":31,"column":2}}},"fnMap":{},"branchMap":{},"s":{"0":5},"f":{},"b":{},"_coverageSchema":"1a1c01bbd47fc00a2c39e90264f33305004495a9","hash":"2be0af78732841051a9e7c97d9e371e17b3b04e9"}
,"E:\\Node js\\bank-management-system\\docs\\operations\\customer-doc\\update-customer.js": {"path":"E:\\Node js\\bank-management-system\\docs\\operations\\customer-doc\\update-customer.js","statementMap":{"0":{"start":{"line":1,"column":0},"end":{"line":31,"column":2}}},"fnMap":{},"branchMap":{},"s":{"0":5},"f":{},"b":{},"_coverageSchema":"1a1c01bbd47fc00a2c39e90264f33305004495a9","hash":"1237fffe0871a934cd33904cd9d58ec8567a375d"}
,"E:\\Node js\\bank-management-system\\docs\\operations\\customer-doc\\view-customer.js": {"path":"E:\\Node js\\bank-management-system\\docs\\operations\\customer-doc\\view-customer.js","statementMap":{"0":{"start":{"line":1,"column":0},"end":{"line":29,"column":2}}},"fnMap":{},"branchMap":{},"s":{"0":5},"f":{},"b":{},"_coverageSchema":"1a1c01bbd47fc00a2c39e90264f33305004495a9","hash":"907154a5d2b46b2486c426731da4a1e39e20c2e7"}
,"E:\\Node js\\bank-management-system\\docs\\operations\\loan-doc\\apply-loan.js": {"path":"E:\\Node js\\bank-management-system\\docs\\operations\\loan-doc\\apply-loan.js","statementMap":{"0":{"start":{"line":1,"column":0},"end":{"line":31,"column":2}}},"fnMap":{},"branchMap":{},"s":{"0":5},"f":{},"b":{},"_coverageSchema":"1a1c01bbd47fc00a2c39e90264f33305004495a9","hash":"1a03444946917b59524574f3474cb7ea11cd7022"}
,"E:\\Node js\\bank-management-system\\docs\\operations\\loan-doc\\view-loan.js": {"path":"E:\\Node js\\bank-management-system\\docs\\operations\\loan-doc\\view-loan.js","statementMap":{"0":{"start":{"line":1,"column":0},"end":{"line":29,"column":2}}},"fnMap":{},"branchMap":{},"s":{"0":5},"f":{},"b":{},"_coverageSchema":"1a1c01bbd47fc00a2c39e90264f33305004495a9","hash":"5d1c4be3ab3b2b133f5197c54e384439dac85ad4"}
,"E:\\Node js\\bank-management-system\\docs\\operations\\login-doc\\login.js": {"path":"E:\\Node js\\bank-management-system\\docs\\operations\\login-doc\\login.js","statementMap":{"0":{"start":{"line":1,"column":0},"end":{"line":31,"column":2}}},"fnMap":{},"branchMap":{},"s":{"0":5},"f":{},"b":{},"_coverageSchema":"1a1c01bbd47fc00a2c39e90264f33305004495a9","hash":"ce2256d3d6f5f063bbfb68aab61709f79a04bad6"}
,"E:\\Node js\\bank-management-system\\middleware\\auth.js": {"path":"E:\\Node js\\bank-management-system\\middleware\\auth.js","statementMap":{"0":{"start":{"line":1,"column":12},"end":{"line":1,"column":35}},"1":{"start":{"line":2,"column":15},"end":{"line":2,"column":32}},"2":{"start":{"line":4,"column":0},"end":{"line":23,"column":1}},"3":{"start":{"line":7,"column":18},"end":{"line":7,"column":38}},"4":{"start":{"line":9,"column":4},"end":{"line":9,"column":61}},"5":{"start":{"line":9,"column":15},"end":{"line":9,"column":61}},"6":{"start":{"line":11,"column":4},"end":{"line":22,"column":5}},"7":{"start":{"line":14,"column":24},"end":{"line":14,"column":70}},"8":{"start":{"line":17,"column":8},"end":{"line":17,"column":31}},"9":{"start":{"line":18,"column":8},"end":{"line":18,"column":15}},"10":{"start":{"line":21,"column":8},"end":{"line":21,"column":46}}},"fnMap":{"0":{"name":"(anonymous_0)","decl":{"start":{"line":4,"column":17},"end":{"line":4,"column":18}},"loc":{"start":{"line":4,"column":43},"end":{"line":23,"column":1}},"line":4}},"branchMap":{"0":{"loc":{"start":{"line":9,"column":4},"end":{"line":9,"column":61}},"type":"if","locations":[{"start":{"line":9,"column":4},"end":{"line":9,"column":61}},{"start":{"line":9,"column":4},"end":{"line":9,"column":61}}],"line":9}},"s":{"0":5,"1":5,"2":5,"3":7,"4":7,"5":6,"6":1,"7":1,"8":1,"9":1,"10":0},"f":{"0":7},"b":{"0":[6,1]},"_coverageSchema":"1a1c01bbd47fc00a2c39e90264f33305004495a9","hash":"6d43bc0bae826d271c88e0a0a9fc2b72c125475c"}
,"E:\\Node js\\bank-management-system\\models\\customer.js": {"path":"E:\\Node js\\bank-management-system\\models\\customer.js","statementMap":{"0":{"start":{"line":2,"column":17},"end":{"line":2,"column":36}},"1":{"start":{"line":3,"column":15},"end":{"line":3,"column":32}},"2":{"start":{"line":4,"column":12},"end":{"line":4,"column":35}},"3":{"start":{"line":6,"column":23},"end":{"line":80,"column":2}},"4":{"start":{"line":83,"column":0},"end":{"line":94,"column":1}},"5":{"start":{"line":86,"column":16},"end":{"line":90,"column":3}},"6":{"start":{"line":93,"column":2},"end":{"line":93,"column":15}},"7":{"start":{"line":97,"column":17},"end":{"line":97,"column":59}},"8":{"start":{"line":99,"column":0},"end":{"line":99,"column":28}}},"fnMap":{"0":{"name":"(anonymous_0)","decl":{"start":{"line":83,"column":43},"end":{"line":83,"column":44}},"loc":{"start":{"line":83,"column":55},"end":{"line":94,"column":1}},"line":83}},"branchMap":{},"s":{"0":5,"1":5,"2":5,"3":5,"4":5,"5":5,"6":5,"7":5,"8":5},"f":{"0":5},"b":{},"_coverageSchema":"1a1c01bbd47fc00a2c39e90264f33305004495a9","hash":"be9f9b9939b89d21f87d88ce6af758026b4b9d4d"}
,"E:\\Node js\\bank-management-system\\models\\loan.js": {"path":"E:\\Node js\\bank-management-system\\models\\loan.js","statementMap":{"0":{"start":{"line":2,"column":17},"end":{"line":2,"column":36}},"1":{"start":{"line":5,"column":13},"end":{"line":43,"column":3}},"2":{"start":{"line":51,"column":0},"end":{"line":51,"column":20}}},"fnMap":{},"branchMap":{},"s":{"0":5,"1":5,"2":5},"f":{},"b":{},"_coverageSchema":"1a1c01bbd47fc00a2c39e90264f33305004495a9","hash":"f9be45642337ecf870a25911d60260142d6f1845"}
,"E:\\Node js\\bank-management-system\\routes\\customer-routes.js": {"path":"E:\\Node js\\bank-management-system\\routes\\customer-routes.js","statementMap":{"0":{"start":{"line":2,"column":20},"end":{"line":2,"column":72}},"1":{"start":{"line":3,"column":23},"end":{"line":3,"column":73}},"2":{"start":{"line":4,"column":21},"end":{"line":4,"column":69}},"3":{"start":{"line":7,"column":0},"end":{"line":11,"column":2}}},"fnMap":{},"branchMap":{},"s":{"0":5,"1":5,"2":5,"3":5},"f":{},"b":{},"_coverageSchema":"1a1c01bbd47fc00a2c39e90264f33305004495a9","hash":"1ed1eff23e1a21bdab08ea12829b9eab1e00290c"}
,"E:\\Node js\\bank-management-system\\routes\\loan-routes.js": {"path":"E:\\Node js\\bank-management-system\\routes\\loan-routes.js","statementMap":{"0":{"start":{"line":1,"column":18},"end":{"line":1,"column":59}},"1":{"start":{"line":2,"column":17},"end":{"line":2,"column":57}},"2":{"start":{"line":4,"column":0},"end":{"line":7,"column":2}}},"fnMap":{},"branchMap":{},"s":{"0":5,"1":5,"2":5},"f":{},"b":{},"_coverageSchema":"1a1c01bbd47fc00a2c39e90264f33305004495a9","hash":"b0310c17f4e29243a085e1e14649d41dbaffaacb"}
,"E:\\Node js\\bank-management-system\\routes\\login-routes.js": {"path":"E:\\Node js\\bank-management-system\\routes\\login-routes.js","statementMap":{"0":{"start":{"line":1,"column":14},"end":{"line":1,"column":50}},"1":{"start":{"line":3,"column":0},"end":{"line":5,"column":2}}},"fnMap":{},"branchMap":{},"s":{"0":5,"1":5},"f":{},"b":{},"_coverageSchema":"1a1c01bbd47fc00a2c39e90264f33305004495a9","hash":"e0d78603c364c2859edeb80fb20c273ef0eaca57"}
,"E:\\Node js\\bank-management-system\\services\\customer-services\\register-customer.js": {"path":"E:\\Node js\\bank-management-system\\services\\customer-services\\register-customer.js","statementMap":{"0":{"start":{"line":1,"column":16},"end":{"line":1,"column":33}},"1":{"start":{"line":2,"column":10},"end":{"line":2,"column":27}},"2":{"start":{"line":3,"column":21},"end":{"line":3,"column":53}},"3":{"start":{"line":4,"column":17},"end":{"line":4,"column":81}},"4":{"start":{"line":6,"column":20},"end":{"line":45,"column":1}},"5":{"start":{"line":8,"column":4},"end":{"line":8,"column":54}},"6":{"start":{"line":11,"column":22},"end":{"line":11,"column":40}},"7":{"start":{"line":12,"column":4},"end":{"line":12,"column":69}},"8":{"start":{"line":12,"column":15},"end":{"line":12,"column":69}},"9":{"start":{"line":15,"column":19},"end":{"line":17,"column":5}},"10":{"start":{"line":18,"column":4},"end":{"line":44,"column":5}},"11":{"start":{"line":20,"column":19},"end":{"line":20,"column":68}},"12":{"start":{"line":21,"column":8},"end":{"line":21,"column":77}},"13":{"start":{"line":21,"column":18},"end":{"line":21,"column":77}},"14":{"start":{"line":24,"column":8},"end":{"line":24,"column":73}},"15":{"start":{"line":25,"column":8},"end":{"line":25,"column":77}},"16":{"start":{"line":25,"column":18},"end":{"line":25,"column":77}},"17":{"start":{"line":28,"column":21},"end":{"line":28,"column":46}},"18":{"start":{"line":29,"column":8},"end":{"line":29,"column":72}},"19":{"start":{"line":32,"column":8},"end":{"line":32,"column":41}},"20":{"start":{"line":35,"column":22},"end":{"line":35,"column":50}},"21":{"start":{"line":38,"column":8},"end":{"line":40,"column":82}},"22":{"start":{"line":43,"column":8},"end":{"line":43,"column":47}},"23":{"start":{"line":47,"column":0},"end":{"line":47,"column":29}}},"fnMap":{"0":{"name":"(anonymous_0)","decl":{"start":{"line":6,"column":20},"end":{"line":6,"column":21}},"loc":{"start":{"line":6,"column":40},"end":{"line":45,"column":1}},"line":6}},"branchMap":{"0":{"loc":{"start":{"line":12,"column":4},"end":{"line":12,"column":69}},"type":"if","locations":[{"start":{"line":12,"column":4},"end":{"line":12,"column":69}},{"start":{"line":12,"column":4},"end":{"line":12,"column":69}}],"line":12},"1":{"loc":{"start":{"line":21,"column":8},"end":{"line":21,"column":77}},"type":"if","locations":[{"start":{"line":21,"column":8},"end":{"line":21,"column":77}},{"start":{"line":21,"column":8},"end":{"line":21,"column":77}}],"line":21},"2":{"loc":{"start":{"line":25,"column":8},"end":{"line":25,"column":77}},"type":"if","locations":[{"start":{"line":25,"column":8},"end":{"line":25,"column":77}},{"start":{"line":25,"column":8},"end":{"line":25,"column":77}}],"line":25}},"s":{"0":5,"1":5,"2":5,"3":5,"4":5,"5":0,"6":0,"7":0,"8":0,"9":0,"10":0,"11":0,"12":0,"13":0,"14":0,"15":0,"16":0,"17":0,"18":0,"19":0,"20":0,"21":0,"22":0,"23":5},"f":{"0":0},"b":{"0":[0,0],"1":[0,0],"2":[0,0]},"_coverageSchema":"1a1c01bbd47fc00a2c39e90264f33305004495a9","hash":"973123f10c06d4bfe274c1603d1db3e8198af465"}
,"E:\\Node js\\bank-management-system\\services\\customer-services\\update-customer.js": {"path":"E:\\Node js\\bank-management-system\\services\\customer-services\\update-customer.js","statementMap":{"0":{"start":{"line":1,"column":16},"end":{"line":1,"column":33}},"1":{"start":{"line":2,"column":10},"end":{"line":2,"column":27}},"2":{"start":{"line":3,"column":21},"end":{"line":3,"column":53}},"3":{"start":{"line":4,"column":17},"end":{"line":4,"column":79}},"4":{"start":{"line":6,"column":23},"end":{"line":44,"column":1}},"5":{"start":{"line":8,"column":2},"end":{"line":8,"column":52}},"6":{"start":{"line":11,"column":20},"end":{"line":11,"column":38}},"7":{"start":{"line":12,"column":2},"end":{"line":12,"column":67}},"8":{"start":{"line":12,"column":13},"end":{"line":12,"column":67}},"9":{"start":{"line":14,"column":2},"end":{"line":42,"column":3}},"10":{"start":{"line":16,"column":17},"end":{"line":16,"column":42}},"11":{"start":{"line":17,"column":21},"end":{"line":17,"column":64}},"12":{"start":{"line":20,"column":4},"end":{"line":31,"column":6}},"13":{"start":{"line":33,"column":4},"end":{"line":33,"column":71}},"14":{"start":{"line":33,"column":19},"end":{"line":33,"column":71}},"15":{"start":{"line":36,"column":4},"end":{"line":36,"column":80}},"16":{"start":{"line":41,"column":4},"end":{"line":41,"column":43}},"17":{"start":{"line":46,"column":0},"end":{"line":46,"column":32}}},"fnMap":{"0":{"name":"(anonymous_0)","decl":{"start":{"line":6,"column":23},"end":{"line":6,"column":24}},"loc":{"start":{"line":6,"column":43},"end":{"line":44,"column":1}},"line":6}},"branchMap":{"0":{"loc":{"start":{"line":12,"column":2},"end":{"line":12,"column":67}},"type":"if","locations":[{"start":{"line":12,"column":2},"end":{"line":12,"column":67}},{"start":{"line":12,"column":2},"end":{"line":12,"column":67}}],"line":12},"1":{"loc":{"start":{"line":33,"column":4},"end":{"line":33,"column":71}},"type":"if","locations":[{"start":{"line":33,"column":4},"end":{"line":33,"column":71}},{"start":{"line":33,"column":4},"end":{"line":33,"column":71}}],"line":33}},"s":{"0":5,"1":5,"2":5,"3":5,"4":5,"5":0,"6":0,"7":0,"8":0,"9":0,"10":0,"11":0,"12":0,"13":0,"14":0,"15":0,"16":0,"17":5},"f":{"0":0},"b":{"0":[0,0],"1":[0,0]},"_coverageSchema":"1a1c01bbd47fc00a2c39e90264f33305004495a9","hash":"c0ff453eb3fd170401f301ebaca0bcc8f2c0a9a4"}
,"E:\\Node js\\bank-management-system\\services\\customer-services\\view-customer.js": {"path":"E:\\Node js\\bank-management-system\\services\\customer-services\\view-customer.js","statementMap":{"0":{"start":{"line":1,"column":10},"end":{"line":1,"column":27}},"1":{"start":{"line":2,"column":21},"end":{"line":2,"column":53}},"2":{"start":{"line":5,"column":21},"end":{"line":20,"column":1}},"3":{"start":{"line":7,"column":2},"end":{"line":18,"column":3}},"4":{"start":{"line":10,"column":21},"end":{"line":10,"column":90}},"5":{"start":{"line":11,"column":4},"end":{"line":11,"column":71}},"6":{"start":{"line":11,"column":19},"end":{"line":11,"column":71}},"7":{"start":{"line":14,"column":4},"end":{"line":14,"column":148}},"8":{"start":{"line":17,"column":4},"end":{"line":17,"column":43}},"9":{"start":{"line":22,"column":0},"end":{"line":22,"column":30}}},"fnMap":{"0":{"name":"(anonymous_0)","decl":{"start":{"line":5,"column":21},"end":{"line":5,"column":22}},"loc":{"start":{"line":5,"column":41},"end":{"line":20,"column":1}},"line":5}},"branchMap":{"0":{"loc":{"start":{"line":11,"column":4},"end":{"line":11,"column":71}},"type":"if","locations":[{"start":{"line":11,"column":4},"end":{"line":11,"column":71}},{"start":{"line":11,"column":4},"end":{"line":11,"column":71}}],"line":11}},"s":{"0":5,"1":5,"2":5,"3":0,"4":0,"5":0,"6":0,"7":0,"8":0,"9":5},"f":{"0":0},"b":{"0":[0,0]},"_coverageSchema":"1a1c01bbd47fc00a2c39e90264f33305004495a9","hash":"395078a09e48b4d2d6119b52156ef7b9b0ded3aa"}
,"E:\\Node js\\bank-management-system\\services\\loan-services\\apply-loan.js": {"path":"E:\\Node js\\bank-management-system\\services\\loan-services\\apply-loan.js","statementMap":{"0":{"start":{"line":1,"column":17},"end":{"line":1,"column":45}},"1":{"start":{"line":2,"column":17},"end":{"line":2,"column":70}},"2":{"start":{"line":4,"column":18},"end":{"line":41,"column":1}},"3":{"start":{"line":6,"column":4},"end":{"line":6,"column":54}},"4":{"start":{"line":9,"column":22},"end":{"line":9,"column":40}},"5":{"start":{"line":10,"column":4},"end":{"line":10,"column":69}},"6":{"start":{"line":10,"column":15},"end":{"line":10,"column":69}},"7":{"start":{"line":13,"column":23},"end":{"line":13,"column":42}},"8":{"start":{"line":14,"column":14},"end":{"line":14,"column":15}},"9":{"start":{"line":15,"column":4},"end":{"line":15,"column":40}},"10":{"start":{"line":15,"column":30},"end":{"line":15,"column":40}},"11":{"start":{"line":16,"column":4},"end":{"line":16,"column":40}},"12":{"start":{"line":16,"column":31},"end":{"line":16,"column":40}},"13":{"start":{"line":17,"column":4},"end":{"line":17,"column":43}},"14":{"start":{"line":17,"column":31},"end":{"line":17,"column":43}},"15":{"start":{"line":18,"column":4},"end":{"line":18,"column":43}},"16":{"start":{"line":18,"column":31},"end":{"line":18,"column":43}},"17":{"start":{"line":19,"column":4},"end":{"line":19,"column":42}},"18":{"start":{"line":19,"column":30},"end":{"line":19,"column":42}},"19":{"start":{"line":22,"column":15},"end":{"line":30,"column":6}},"20":{"start":{"line":31,"column":4},"end":{"line":40,"column":5}},"21":{"start":{"line":33,"column":8},"end":{"line":33,"column":33}},"22":{"start":{"line":36,"column":8},"end":{"line":36,"column":83}},"23":{"start":{"line":39,"column":8},"end":{"line":39,"column":37}},"24":{"start":{"line":43,"column":0},"end":{"line":43,"column":27}}},"fnMap":{"0":{"name":"(anonymous_0)","decl":{"start":{"line":4,"column":18},"end":{"line":4,"column":19}},"loc":{"start":{"line":4,"column":38},"end":{"line":41,"column":1}},"line":4}},"branchMap":{"0":{"loc":{"start":{"line":10,"column":4},"end":{"line":10,"column":69}},"type":"if","locations":[{"start":{"line":10,"column":4},"end":{"line":10,"column":69}},{"start":{"line":10,"column":4},"end":{"line":10,"column":69}}],"line":10},"1":{"loc":{"start":{"line":15,"column":4},"end":{"line":15,"column":40}},"type":"if","locations":[{"start":{"line":15,"column":4},"end":{"line":15,"column":40}},{"start":{"line":15,"column":4},"end":{"line":15,"column":40}}],"line":15},"2":{"loc":{"start":{"line":16,"column":4},"end":{"line":16,"column":40}},"type":"if","locations":[{"start":{"line":16,"column":4},"end":{"line":16,"column":40}},{"start":{"line":16,"column":4},"end":{"line":16,"column":40}}],"line":16},"3":{"loc":{"start":{"line":17,"column":4},"end":{"line":17,"column":43}},"type":"if","locations":[{"start":{"line":17,"column":4},"end":{"line":17,"column":43}},{"start":{"line":17,"column":4},"end":{"line":17,"column":43}}],"line":17},"4":{"loc":{"start":{"line":18,"column":4},"end":{"line":18,"column":43}},"type":"if","locations":[{"start":{"line":18,"column":4},"end":{"line":18,"column":43}},{"start":{"line":18,"column":4},"end":{"line":18,"column":43}}],"line":18},"5":{"loc":{"start":{"line":19,"column":4},"end":{"line":19,"column":42}},"type":"if","locations":[{"start":{"line":19,"column":4},"end":{"line":19,"column":42}},{"start":{"line":19,"column":4},"end":{"line":19,"column":42}}],"line":19}},"s":{"0":5,"1":5,"2":5,"3":0,"4":0,"5":0,"6":0,"7":0,"8":0,"9":0,"10":0,"11":0,"12":0,"13":0,"14":0,"15":0,"16":0,"17":0,"18":0,"19":0,"20":0,"21":0,"22":0,"23":0,"24":5},"f":{"0":0},"b":{"0":[0,0],"1":[0,0],"2":[0,0],"3":[0,0],"4":[0,0],"5":[0,0]},"_coverageSchema":"1a1c01bbd47fc00a2c39e90264f33305004495a9","hash":"aacbee634f8e34f3acb5df8c821e5d75936e796f"}
,"E:\\Node js\\bank-management-system\\services\\loan-services\\view-loan.js": {"path":"E:\\Node js\\bank-management-system\\services\\loan-services\\view-loan.js","statementMap":{"0":{"start":{"line":1,"column":17},"end":{"line":1,"column":45}},"1":{"start":{"line":2,"column":10},"end":{"line":2,"column":27}},"2":{"start":{"line":4,"column":17},"end":{"line":19,"column":1}},"3":{"start":{"line":6,"column":4},"end":{"line":6,"column":54}},"4":{"start":{"line":7,"column":4},"end":{"line":18,"column":5}},"5":{"start":{"line":10,"column":21},"end":{"line":10,"column":86}},"6":{"start":{"line":11,"column":8},"end":{"line":11,"column":65}},"7":{"start":{"line":11,"column":19},"end":{"line":11,"column":65}},"8":{"start":{"line":14,"column":8},"end":{"line":14,"column":126}},"9":{"start":{"line":17,"column":8},"end":{"line":17,"column":47}},"10":{"start":{"line":21,"column":0},"end":{"line":21,"column":26}}},"fnMap":{"0":{"name":"(anonymous_0)","decl":{"start":{"line":4,"column":17},"end":{"line":4,"column":18}},"loc":{"start":{"line":4,"column":37},"end":{"line":19,"column":1}},"line":4}},"branchMap":{"0":{"loc":{"start":{"line":11,"column":8},"end":{"line":11,"column":65}},"type":"if","locations":[{"start":{"line":11,"column":8},"end":{"line":11,"column":65}},{"start":{"line":11,"column":8},"end":{"line":11,"column":65}}],"line":11}},"s":{"0":5,"1":5,"2":5,"3":0,"4":0,"5":0,"6":0,"7":0,"8":0,"9":0,"10":5},"f":{"0":0},"b":{"0":[0,0]},"_coverageSchema":"1a1c01bbd47fc00a2c39e90264f33305004495a9","hash":"dad6053a08e5e5829419787d3c97d7a9c4a1b4a8"}
,"E:\\Node js\\bank-management-system\\services\\login-services\\login-service.js": {"path":"E:\\Node js\\bank-management-system\\services\\login-services\\login-service.js","statementMap":{"0":{"start":{"line":1,"column":15},"end":{"line":1,"column":32}},"1":{"start":{"line":2,"column":21},"end":{"line":2,"column":53}},"2":{"start":{"line":3,"column":17},"end":{"line":3,"column":65}},"3":{"start":{"line":6,"column":14},"end":{"line":34,"column":1}},"4":{"start":{"line":8,"column":4},"end":{"line":8,"column":54}},"5":{"start":{"line":10,"column":4},"end":{"line":33,"column":5}},"6":{"start":{"line":12,"column":26},"end":{"line":12,"column":44}},"7":{"start":{"line":13,"column":8},"end":{"line":13,"column":73}},"8":{"start":{"line":13,"column":19},"end":{"line":13,"column":73}},"9":{"start":{"line":16,"column":23},"end":{"line":16,"column":72}},"10":{"start":{"line":17,"column":8},"end":{"line":17,"column":81}},"11":{"start":{"line":17,"column":23},"end":{"line":17,"column":81}},"12":{"start":{"line":20,"column":30},"end":{"line":20,"column":88}},"13":{"start":{"line":21,"column":8},"end":{"line":21,"column":86}},"14":{"start":{"line":21,"column":28},"end":{"line":21,"column":86}},"15":{"start":{"line":24,"column":22},"end":{"line":24,"column":50}},"16":{"start":{"line":27,"column":8},"end":{"line":29,"column":47}},"17":{"start":{"line":32,"column":8},"end":{"line":32,"column":30}},"18":{"start":{"line":36,"column":0},"end":{"line":36,"column":23}}},"fnMap":{"0":{"name":"(anonymous_0)","decl":{"start":{"line":6,"column":14},"end":{"line":6,"column":15}},"loc":{"start":{"line":6,"column":34},"end":{"line":34,"column":1}},"line":6}},"branchMap":{"0":{"loc":{"start":{"line":13,"column":8},"end":{"line":13,"column":73}},"type":"if","locations":[{"start":{"line":13,"column":8},"end":{"line":13,"column":73}},{"start":{"line":13,"column":8},"end":{"line":13,"column":73}}],"line":13},"1":{"loc":{"start":{"line":17,"column":8},"end":{"line":17,"column":81}},"type":"if","locations":[{"start":{"line":17,"column":8},"end":{"line":17,"column":81}},{"start":{"line":17,"column":8},"end":{"line":17,"column":81}}],"line":17},"2":{"loc":{"start":{"line":21,"column":8},"end":{"line":21,"column":86}},"type":"if","locations":[{"start":{"line":21,"column":8},"end":{"line":21,"column":86}},{"start":{"line":21,"column":8},"end":{"line":21,"column":86}}],"line":21}},"s":{"0":5,"1":5,"2":5,"3":5,"4":0,"5":0,"6":0,"7":0,"8":0,"9":0,"10":0,"11":0,"12":0,"13":0,"14":0,"15":0,"16":0,"17":0,"18":5},"f":{"0":0},"b":{"0":[0,0],"1":[0,0],"2":[0,0]},"_coverageSchema":"1a1c01bbd47fc00a2c39e90264f33305004495a9","hash":"2aedf2053106cb3655fab4c5d5cff760e0860f4f"}
,"E:\\Node js\\bank-management-system\\startup\\config.js": {"path":"E:\\Node js\\bank-management-system\\startup\\config.js","statementMap":{"0":{"start":{"line":1,"column":15},"end":{"line":1,"column":32}},"1":{"start":{"line":4,"column":0},"end":{"line":8,"column":1}},"2":{"start":{"line":5,"column":2},"end":{"line":7,"column":3}},"3":{"start":{"line":6,"column":4},"end":{"line":6,"column":66}}},"fnMap":{"0":{"name":"(anonymous_0)","decl":{"start":{"line":4,"column":17},"end":{"line":4,"column":18}},"loc":{"start":{"line":4,"column":29},"end":{"line":8,"column":1}},"line":4}},"branchMap":{"0":{"loc":{"start":{"line":5,"column":2},"end":{"line":7,"column":3}},"type":"if","locations":[{"start":{"line":5,"column":2},"end":{"line":7,"column":3}},{"start":{"line":5,"column":2},"end":{"line":7,"column":3}}],"line":5}},"s":{"0":5,"1":5,"2":5,"3":0},"f":{"0":5},"b":{"0":[0,5]},"_coverageSchema":"1a1c01bbd47fc00a2c39e90264f33305004495a9","hash":"6426d1cdc72a712d6f84369d139073f7bd629690"}
,"E:\\Node js\\bank-management-system\\startup\\db.js": {"path":"E:\\Node js\\bank-management-system\\startup\\db.js","statementMap":{"0":{"start":{"line":3,"column":17},"end":{"line":3,"column":36}},"1":{"start":{"line":4,"column":15},"end":{"line":4,"column":32}},"2":{"start":{"line":6,"column":0},"end":{"line":17,"column":1}},"3":{"start":{"line":7,"column":13},"end":{"line":7,"column":29}},"4":{"start":{"line":8,"column":4},"end":{"line":8,"column":96}},"5":{"start":{"line":9,"column":12},"end":{"line":9,"column":31}},"6":{"start":{"line":11,"column":0},"end":{"line":13,"column":3}},"7":{"start":{"line":12,"column":2},"end":{"line":12,"column":45}}},"fnMap":{"0":{"name":"(anonymous_0)","decl":{"start":{"line":6,"column":17},"end":{"line":6,"column":18}},"loc":{"start":{"line":6,"column":27},"end":{"line":17,"column":1}},"line":6},"1":{"name":"(anonymous_1)","decl":{"start":{"line":11,"column":14},"end":{"line":11,"column":15}},"loc":{"start":{"line":11,"column":18},"end":{"line":13,"column":1}},"line":11}},"branchMap":{},"s":{"0":5,"1":5,"2":5,"3":5,"4":5,"5":5,"6":5,"7":3},"f":{"0":5,"1":3},"b":{},"_coverageSchema":"1a1c01bbd47fc00a2c39e90264f33305004495a9","hash":"ea82bb44c0c8878ecee3398724b40af8a8a767dd"}
,"E:\\Node js\\bank-management-system\\startup\\routes.js": {"path":"E:\\Node js\\bank-management-system\\startup\\routes.js","statementMap":{"0":{"start":{"line":1,"column":18},"end":{"line":1,"column":47}},"1":{"start":{"line":2,"column":13},"end":{"line":2,"column":31}},"2":{"start":{"line":3,"column":18},"end":{"line":3,"column":51}},"3":{"start":{"line":4,"column":54},"end":{"line":4,"column":90}},"4":{"start":{"line":5,"column":32},"end":{"line":5,"column":64}},"5":{"start":{"line":6,"column":13},"end":{"line":6,"column":39}},"6":{"start":{"line":7,"column":16},"end":{"line":7,"column":34}},"7":{"start":{"line":9,"column":0},"end":{"line":18,"column":1}},"8":{"start":{"line":10,"column":4},"end":{"line":10,"column":28}},"9":{"start":{"line":11,"column":4},"end":{"line":11,"column":31}},"10":{"start":{"line":12,"column":4},"end":{"line":12,"column":43}},"11":{"start":{"line":13,"column":4},"end":{"line":13,"column":39}},"12":{"start":{"line":14,"column":4},"end":{"line":14,"column":49}},"13":{"start":{"line":15,"column":4},"end":{"line":15,"column":37}},"14":{"start":{"line":16,"column":4},"end":{"line":16,"column":45}},"15":{"start":{"line":17,"column":4},"end":{"line":17,"column":66}}},"fnMap":{"0":{"name":"(anonymous_0)","decl":{"start":{"line":9,"column":17},"end":{"line":9,"column":18}},"loc":{"start":{"line":9,"column":32},"end":{"line":18,"column":1}},"line":9}},"branchMap":{},"s":{"0":5,"1":5,"2":5,"3":5,"4":5,"5":5,"6":5,"7":5,"8":5,"9":5,"10":5,"11":5,"12":5,"13":5,"14":5,"15":5},"f":{"0":5},"b":{},"_coverageSchema":"1a1c01bbd47fc00a2c39e90264f33305004495a9","hash":"92d802eda7646dda6e7755fafbb600b624bf9c64"}
,"E:\\Node js\\bank-management-system\\startup\\urls.js": {"path":"E:\\Node js\\bank-management-system\\startup\\urls.js","statementMap":{"0":{"start":{"line":1,"column":13},"end":{"line":9,"column":1}},"1":{"start":{"line":10,"column":0},"end":{"line":10,"column":22}}},"fnMap":{},"branchMap":{},"s":{"0":5,"1":5},"f":{},"b":{},"_coverageSchema":"1a1c01bbd47fc00a2c39e90264f33305004495a9","hash":"65aecf1fca2451df21a27c193ab1b18c60fc327b"}
,"E:\\Node js\\bank-management-system\\validators\\customer\\register-customer-validator.js": {"path":"E:\\Node js\\bank-management-system\\validators\\customer\\register-customer-validator.js","statementMap":{"0":{"start":{"line":1,"column":12},"end":{"line":1,"column":26}},"1":{"start":{"line":3,"column":17},"end":{"line":18,"column":1}},"2":{"start":{"line":4,"column":17},"end":{"line":15,"column":3}},"3":{"start":{"line":17,"column":2},"end":{"line":17,"column":35}},"4":{"start":{"line":19,"column":0},"end":{"line":19,"column":26}}},"fnMap":{"0":{"name":"(anonymous_0)","decl":{"start":{"line":3,"column":17},"end":{"line":3,"column":18}},"loc":{"start":{"line":3,"column":26},"end":{"line":18,"column":1}},"line":3}},"branchMap":{},"s":{"0":5,"1":5,"2":0,"3":0,"4":5},"f":{"0":0},"b":{},"_coverageSchema":"1a1c01bbd47fc00a2c39e90264f33305004495a9","hash":"59658957d06d8781229ae5f5e5465c0dbec02922"}
,"E:\\Node js\\bank-management-system\\validators\\customer\\update-customer-validator.js": {"path":"E:\\Node js\\bank-management-system\\validators\\customer\\update-customer-validator.js","statementMap":{"0":{"start":{"line":1,"column":12},"end":{"line":1,"column":26}},"1":{"start":{"line":3,"column":17},"end":{"line":15,"column":1}},"2":{"start":{"line":4,"column":17},"end":{"line":13,"column":3}},"3":{"start":{"line":14,"column":2},"end":{"line":14,"column":35}},"4":{"start":{"line":18,"column":0},"end":{"line":18,"column":26}}},"fnMap":{"0":{"name":"(anonymous_0)","decl":{"start":{"line":3,"column":17},"end":{"line":3,"column":18}},"loc":{"start":{"line":3,"column":26},"end":{"line":15,"column":1}},"line":3}},"branchMap":{},"s":{"0":5,"1":5,"2":0,"3":0,"4":5},"f":{"0":0},"b":{},"_coverageSchema":"1a1c01bbd47fc00a2c39e90264f33305004495a9","hash":"b05b4892561d11f327afc7d3437adf1264e99e5b"}
,"E:\\Node js\\bank-management-system\\validators\\loan\\apply-loan-validator.js": {"path":"E:\\Node js\\bank-management-system\\validators\\loan\\apply-loan-validator.js","statementMap":{"0":{"start":{"line":2,"column":12},"end":{"line":2,"column":26}},"1":{"start":{"line":4,"column":17},"end":{"line":12,"column":1}},"2":{"start":{"line":5,"column":17},"end":{"line":9,"column":3}},"3":{"start":{"line":11,"column":2},"end":{"line":11,"column":35}},"4":{"start":{"line":14,"column":0},"end":{"line":14,"column":26}}},"fnMap":{"0":{"name":"(anonymous_0)","decl":{"start":{"line":4,"column":17},"end":{"line":4,"column":18}},"loc":{"start":{"line":4,"column":26},"end":{"line":12,"column":1}},"line":4}},"branchMap":{},"s":{"0":5,"1":5,"2":0,"3":0,"4":5},"f":{"0":0},"b":{},"_coverageSchema":"1a1c01bbd47fc00a2c39e90264f33305004495a9","hash":"35e17f7ad4b846b9c9b0f88acb3c1048163b481b"}
,"E:\\Node js\\bank-management-system\\validators\\login\\auth-validator.js": {"path":"E:\\Node js\\bank-management-system\\validators\\login\\auth-validator.js","statementMap":{"0":{"start":{"line":1,"column":12},"end":{"line":1,"column":26}},"1":{"start":{"line":3,"column":17},"end":{"line":11,"column":1}},"2":{"start":{"line":5,"column":17},"end":{"line":8,"column":3}},"3":{"start":{"line":10,"column":2},"end":{"line":10,"column":35}},"4":{"start":{"line":13,"column":0},"end":{"line":13,"column":26}}},"fnMap":{"0":{"name":"(anonymous_0)","decl":{"start":{"line":3,"column":17},"end":{"line":3,"column":18}},"loc":{"start":{"line":3,"column":26},"end":{"line":11,"column":1}},"line":3}},"branchMap":{},"s":{"0":5,"1":5,"2":0,"3":0,"4":5},"f":{"0":0},"b":{},"_coverageSchema":"1a1c01bbd47fc00a2c39e90264f33305004495a9","hash":"4938ff5d926adcbf5975638a7b93f4c001f4f0dc"}
}
